{"D:\\ORXE\\my-first-project\\packages\\ratings\\src\\index.ts": {"path":"D:\\ORXE\\my-first-project\\packages\\ratings\\src\\index.ts","statementMap":{},"fnMap":{},"branchMap":{},"s":{},"f":{},"b":{},"_coverageSchema":"1a1c01bbd47fc00a2c39e90264f33305004495a9","hash":"5367af6deb24a70e651871c22d5afd647123f314"}
,"D:\\ORXE\\my-first-project\\packages\\ratings\\src\\orxe-ratings.ts": {"path":"D:\\ORXE\\my-first-project\\packages\\ratings\\src\\orxe-ratings.ts","statementMap":{"0":{"start":{"line":15,"column":16},"end":{"line":15,"column":17}},"1":{"start":{"line":29,"column":4},"end":{"line":36,"column":4}},"2":{"start":{"line":43,"column":39},"end":{"line":43,"column":41}},"3":{"start":{"line":44,"column":4},"end":{"line":46,"column":5}},"4":{"start":{"line":44,"column":14},"end":{"line":44,"column":15}},"5":{"start":{"line":45,"column":6},"end":{"line":45,"column":59}},"6":{"start":{"line":47,"column":4},"end":{"line":47,"column":33}},"7":{"start":{"line":51,"column":4},"end":{"line":56,"column":18}},"8":{"start":{"line":62,"column":18},"end":{"line":62,"column":24}}},"fnMap":{"0":{"name":"(anonymous_0)","decl":{"start":{"line":28,"column":2},"end":{"line":28,"column":3}},"loc":{"start":{"line":28,"column":11},"end":{"line":37,"column":1}},"line":28},"1":{"name":"(anonymous_1)","decl":{"start":{"line":42,"column":2},"end":{"line":42,"column":3}},"loc":{"start":{"line":42,"column":28},"end":{"line":48,"column":3}},"line":42},"2":{"name":"(anonymous_2)","decl":{"start":{"line":50,"column":2},"end":{"line":50,"column":3}},"loc":{"start":{"line":50,"column":36},"end":{"line":57,"column":3}},"line":50}},"branchMap":{"0":{"loc":{"start":{"line":54,"column":15},"end":{"line":54,"column":55}},"type":"cond-expr","locations":[{"start":{"line":54,"column":38},"end":{"line":54,"column":50}},{"start":{"line":54,"column":53},"end":{"line":54,"column":55}}],"line":54}},"s":{"0":2,"1":3,"2":3,"3":3,"4":3,"5":15,"6":3,"7":15,"8":2},"f":{"0":3,"1":3,"2":15},"b":{"0":[0,15]},"_coverageSchema":"1a1c01bbd47fc00a2c39e90264f33305004495a9","hash":"4b2102c1b1d7e69928be5237d6c38609a976c632"}
}
