{"D:\\ORXE\\my-first-project\\packages\\ratings\\src\\index.ts": {"path":"D:\\ORXE\\my-first-project\\packages\\ratings\\src\\index.ts","statementMap":{},"fnMap":{},"branchMap":{},"s":{},"f":{},"b":{},"_coverageSchema":"1a1c01bbd47fc00a2c39e90264f33305004495a9","hash":"5367af6deb24a70e651871c22d5afd647123f314"}
,"D:\\ORXE\\my-first-project\\packages\\ratings\\src\\orxe-ratings.ts": {"path":"D:\\ORXE\\my-first-project\\packages\\ratings\\src\\orxe-ratings.ts","statementMap":{"0":{"start":{"line":10,"column":24},"end":{"line":10,"column":26}},"1":{"start":{"line":12,"column":4},"end":{"line":12,"column":12}},"2":{"start":{"line":13,"column":4},"end":{"line":13,"column":23}},"3":{"start":{"line":49,"column":2},"end":{"line":58,"column":4}},"4":{"start":{"line":52,"column":87},"end":{"line":56,"column":7}},"5":{"start":{"line":65,"column":18},"end":{"line":65,"column":24}},"6":{"start":{"line":70,"column":6},"end":{"line":91,"column":7}}},"fnMap":{"0":{"name":"(anonymous_0)","decl":{"start":{"line":11,"column":2},"end":{"line":11,"column":3}},"loc":{"start":{"line":11,"column":16},"end":{"line":14,"column":3}},"line":11},"1":{"name":"(anonymous_1)","decl":{"start":{"line":47,"column":0},"end":{"line":47,"column":1}},"loc":{"start":{"line":47,"column":9},"end":{"line":59,"column":1}},"line":47},"2":{"name":"(anonymous_2)","decl":{"start":{"line":52,"column":67},"end":{"line":52,"column":68}},"loc":{"start":{"line":52,"column":87},"end":{"line":56,"column":7}},"line":52},"3":{"name":"(anonymous_3)","decl":{"start":{"line":67,"column":2},"end":{"line":67,"column":3}},"loc":{"start":{"line":67,"column":16},"end":{"line":94,"column":3}},"line":67}},"branchMap":{"0":{"loc":{"start":{"line":54,"column":43},"end":{"line":54,"column":101}},"type":"cond-expr","locations":[{"start":{"line":54,"column":76},"end":{"line":54,"column":96}},{"start":{"line":54,"column":99},"end":{"line":54,"column":101}}],"line":54}},"s":{"0":2,"1":2,"2":2,"3":3,"4":15,"5":2,"6":2},"f":{"0":2,"1":3,"2":15,"3":2},"b":{"0":[9,6]},"_coverageSchema":"1a1c01bbd47fc00a2c39e90264f33305004495a9","hash":"65ea1a821cc1275a3d1ad2a8f9af29a955c8bac2"}
}
